<?xml version="1.0" encoding="utf-8" ?>
<script xmlns:xsi="http://www.w3.org/2001/XMLSchema-instance"
        xsi:schemaLocation="http://labbench.io script.xsd">
  <ping />
  <identification />
  <endianness />
</script>

  
